<?xml version="1.0" encoding="UTF-8"?>
<!-- Generated by org.testng.reporters.JUnitXMLReporter -->
<testsuite ignored="0" hostname="PG0276X9" failures="0" tests="1" name="Banking Test" time="13549.817" errors="0" timestamp="2022-07-18T15:23:42 IST">
  <testcase classname="com.inetbanking.testCases.BaseClass" name="@BeforeClass setup" time="13549.716">
    <failure type="org.openqa.selenium.WebDriverException" message="java.net.SocketTimeoutException: timeout
Build info: version: &amp;apos;3.141.59&amp;apos;, revision: &amp;apos;e82be7d358&amp;apos;, time: &amp;apos;2018-11-14T08:17:03&amp;apos;
System info: host: &amp;apos;PG0276X9&amp;apos;, ip: &amp;apos;172.18.7.23&amp;apos;, os.name: &amp;apos;Windows 10&amp;apos;, os.arch: &amp;apos;amd64&amp;apos;, os.version: &amp;apos;10.0&amp;apos;, java.version: &amp;apos;18.0.1&amp;apos;
Driver info: driver.version: InternetExplorerDriver">
      <![CDATA[org.openqa.selenium.WebDriverException: java.net.SocketTimeoutException: timeout
Build info: version: '3.141.59', revision: 'e82be7d358', time: '2018-11-14T08:17:03'
System info: host: 'PG0276X9', ip: '172.18.7.23', os.name: 'Windows 10', os.arch: 'amd64', os.version: '10.0', java.version: '18.0.1'
Driver info: driver.version: InternetExplorerDriver
at org.openqa.selenium.remote.service.DriverCommandExecutor.execute(DriverCommandExecutor.java:92)
at org.openqa.selenium.remote.RemoteWebDriver.execute(RemoteWebDriver.java:552)
at org.openqa.selenium.remote.RemoteWebDriver.startSession(RemoteWebDriver.java:213)
at org.openqa.selenium.ie.InternetExplorerDriver.run(InternetExplorerDriver.java:221)
at org.openqa.selenium.ie.InternetExplorerDriver.<init>(InternetExplorerDriver.java:213)
at org.openqa.selenium.ie.InternetExplorerDriver.<init>(InternetExplorerDriver.java:150)
at com.inetbanking.testCases.BaseClass.setup(BaseClass.java:52)
at java.base/java.util.ArrayList.forEach(ArrayList.java:1511)
Caused by: java.net.SocketTimeoutException: timeout
at okio.Okio$4.newTimeoutException(Okio.java:232)
at okio.AsyncTimeout.exit(AsyncTimeout.java:285)
at okio.AsyncTimeout$2.read(AsyncTimeout.java:241)
at okio.RealBufferedSource.indexOf(RealBufferedSource.java:355)
at okio.RealBufferedSource.readUtf8LineStrict(RealBufferedSource.java:227)
at okhttp3.internal.http1.Http1Codec.readHeaderLine(Http1Codec.java:215)
at okhttp3.internal.http1.Http1Codec.readResponseHeaders(Http1Codec.java:189)
at okhttp3.internal.http.CallServerInterceptor.intercept(CallServerInterceptor.java:88)
at okhttp3.internal.http.RealInterceptorChain.proceed(RealInterceptorChain.java:147)
at okhttp3.internal.http.RealInterceptorChain.proceed(RealInterceptorChain.java:121)
at org.openqa.selenium.remote.internal.OkHttpClient$Factory$1.lambda$createClient$1(OkHttpClient.java:152)
at okhttp3.internal.http.RealInterceptorChain.proceed(RealInterceptorChain.java:147)
at okhttp3.internal.connection.ConnectInterceptor.intercept(ConnectInterceptor.java:45)
at okhttp3.internal.http.RealInterceptorChain.proceed(RealInterceptorChain.java:147)
at okhttp3.internal.http.RealInterceptorChain.proceed(RealInterceptorChain.java:121)
at okhttp3.internal.cache.CacheInterceptor.intercept(CacheInterceptor.java:93)
at okhttp3.internal.http.RealInterceptorChain.proceed(RealInterceptorChain.java:147)
at okhttp3.internal.http.RealInterceptorChain.proceed(RealInterceptorChain.java:121)
at okhttp3.internal.http.BridgeInterceptor.intercept(BridgeInterceptor.java:93)
at okhttp3.internal.http.RealInterceptorChain.proceed(RealInterceptorChain.java:147)
at okhttp3.internal.http.RetryAndFollowUpInterceptor.intercept(RetryAndFollowUpInterceptor.java:126)
at okhttp3.internal.http.RealInterceptorChain.proceed(RealInterceptorChain.java:147)
at okhttp3.internal.http.RealInterceptorChain.proceed(RealInterceptorChain.java:121)
at okhttp3.RealCall.getResponseWithInterceptorChain(RealCall.java:200)
at okhttp3.RealCall.execute(RealCall.java:77)
at org.openqa.selenium.remote.internal.OkHttpClient.execute(OkHttpClient.java:103)
at org.openqa.selenium.remote.ProtocolHandshake.createSession(ProtocolHandshake.java:105)
at org.openqa.selenium.remote.ProtocolHandshake.createSession(ProtocolHandshake.java:74)
at org.openqa.selenium.remote.HttpCommandExecutor.execute(HttpCommandExecutor.java:136)
at org.openqa.selenium.remote.service.DriverCommandExecutor.execute(DriverCommandExecutor.java:83)
... 30 more
Caused by: java.net.SocketException: Socket closed
at java.base/sun.nio.ch.NioSocketImpl.endRead(NioSocketImpl.java:245)
at java.base/sun.nio.ch.NioSocketImpl.implRead(NioSocketImpl.java:324)
at java.base/sun.nio.ch.NioSocketImpl.read(NioSocketImpl.java:347)
at java.base/sun.nio.ch.NioSocketImpl$1.read(NioSocketImpl.java:800)
at java.base/java.net.Socket$SocketInputStream.read(Socket.java:966)
at okio.Okio$2.read(Okio.java:140)
at okio.AsyncTimeout$2.read(AsyncTimeout.java:237)
... 57 more
... Removed 23 stack frames]]>
    </failure>
  </testcase> <!-- @BeforeClass setup -->
  <testcase classname="com.inetbanking.testCases.BaseClass" name="@AfterClass tearDown" time="-1.658138022868E9">
    <skipped/>
  </testcase> <!-- @AfterClass tearDown -->
  <testcase classname="com.inetbanking.testCases.TC_LoginTest_001" name="loginTest" time="0.0">
    <skipped/>
  </testcase> <!-- loginTest -->
</testsuite> <!-- Banking Test -->
